#! /usr/bin/vvp
:ivl_version "10.3 (stable)";
:ivl_delay_selection "TYPICAL";
:vpi_time_precision + 0;
:vpi_module "system";
:vpi_module "vhdl_sys";
:vpi_module "v2005_math";
:vpi_module "va_math";
S_0x55bc1f91b0d0 .scope module, "tb_adder" "tb_adder" 2 2;
 .timescale 0 0;
v0x55bc1f962c10_0 .var "a", 0 0;
v0x55bc1f962ce0_0 .var "b", 0 0;
v0x55bc1f962db0_0 .net "c", 0 0, L_0x55bc1f962eb0;  1 drivers
S_0x55bc1f91b250 .scope module, "target" "adder" 2 6, 3 2 0, S_0x55bc1f91b0d0;
 .timescale 0 0;
    .port_info 0 /INPUT 1 "a"
    .port_info 1 /INPUT 1 "b"
    .port_info 2 /OUTPUT 1 "c"
v0x55bc1f952860_0 .net "a", 0 0, v0x55bc1f962c10_0;  1 drivers
v0x55bc1f962a30_0 .net "b", 0 0, v0x55bc1f962ce0_0;  1 drivers
v0x55bc1f962af0_0 .net "c", 0 0, L_0x55bc1f962eb0;  alias, 1 drivers
L_0x55bc1f962eb0 .arith/sum 1, v0x55bc1f962c10_0, v0x55bc1f962ce0_0;
    .scope S_0x55bc1f91b0d0;
T_0 ;
    %vpi_call 2 13 "$display", "Hello World" {0 0 0};
    %vpi_call 2 14 "$dumpfile", "tb_adder.vcd" {0 0 0};
    %vpi_call 2 15 "$dumpvars" {0 0 0};
    %vpi_call 2 16 "$monitor", "time = %g , a = %d , b = %d , c = %d", $time, v0x55bc1f962c10_0, v0x55bc1f962ce0_0, v0x55bc1f962db0_0 {0 0 0};
    %end;
    .thread T_0;
    .scope S_0x55bc1f91b0d0;
T_1 ;
    %pushi/vec4 0, 0, 1;
    %store/vec4 v0x55bc1f962c10_0, 0, 1;
    %pushi/vec4 0, 0, 1;
    %store/vec4 v0x55bc1f962ce0_0, 0, 1;
    %delay 1, 0;
    %pushi/vec4 0, 0, 1;
    %store/vec4 v0x55bc1f962c10_0, 0, 1;
    %pushi/vec4 0, 0, 1;
    %store/vec4 v0x55bc1f962ce0_0, 0, 1;
    %delay 1, 0;
    %pushi/vec4 0, 0, 1;
    %store/vec4 v0x55bc1f962c10_0, 0, 1;
    %pushi/vec4 1, 0, 1;
    %store/vec4 v0x55bc1f962ce0_0, 0, 1;
    %delay 1, 0;
    %pushi/vec4 1, 0, 1;
    %store/vec4 v0x55bc1f962c10_0, 0, 1;
    %pushi/vec4 0, 0, 1;
    %store/vec4 v0x55bc1f962ce0_0, 0, 1;
    %delay 1, 0;
    %pushi/vec4 1, 0, 1;
    %store/vec4 v0x55bc1f962c10_0, 0, 1;
    %pushi/vec4 1, 0, 1;
    %store/vec4 v0x55bc1f962ce0_0, 0, 1;
    %vpi_call 2 29 "$finish" {0 0 0};
    %end;
    .thread T_1;
# The file index is used to find the file name in the following table.
:file_names 4;
    "N/A";
    "<interactive>";
    "src/adder_tb.v";
    "src/adder.v";
