#! /usr/bin/vvp
:ivl_version "10.3 (stable)";
:ivl_delay_selection "TYPICAL";
:vpi_time_precision - 12;
:vpi_module "system";
:vpi_module "vhdl_sys";
:vpi_module "v2005_math";
:vpi_module "va_math";
S_0x55a4c81fb7c0 .scope module, "tb" "tb" 2 2;
 .timescale -12 -12;
v0x55a4c82240f0_0 .net "ans", 7 0, v0x55a4c8223420_0;  1 drivers
v0x55a4c8224220_0 .var "clk", 0 0;
v0x55a4c8224330_0 .var "num1", 7 0;
v0x55a4c8224420_0 .var "op", 2 0;
v0x55a4c8224510_0 .var "rst", 0 0;
v0x55a4c8224650_0 .net "seg", 6 0, v0x55a4c82232e0_0;  1 drivers
S_0x55a4c81fb940 .scope module, "test" "top" 2 11, 3 23 0, S_0x55a4c81fb7c0;
 .timescale -9 -12;
    .port_info 0 /INPUT 1 "clk"
    .port_info 1 /INPUT 1 "rst"
    .port_info 2 /INPUT 3 "op"
    .port_info 3 /INPUT 8 "num1"
    .port_info 4 /OUTPUT 8 "ans"
    .port_info 5 /OUTPUT 7 "seg"
v0x55a4c8223a50_0 .net "ans", 7 0, v0x55a4c8223420_0;  alias, 1 drivers
v0x55a4c8223b30_0 .net "clk", 0 0, v0x55a4c8224220_0;  1 drivers
v0x55a4c8223bd0_0 .net "num1", 7 0, v0x55a4c8224330_0;  1 drivers
v0x55a4c8223cd0_0 .net "op", 2 0, v0x55a4c8224420_0;  1 drivers
v0x55a4c8223da0_0 .net "rst", 0 0, v0x55a4c8224510_0;  1 drivers
v0x55a4c8223e90_0 .net "s", 31 0, L_0x55a4c82357c0;  1 drivers
v0x55a4c8223f80_0 .net "seg", 6 0, v0x55a4c82232e0_0;  alias, 1 drivers
S_0x55a4c82022d0 .scope module, "U1" "calculate" 3 32, 4 4 0, S_0x55a4c81fb940;
 .timescale -9 -12;
    .port_info 0 /INPUT 8 "num1"
    .port_info 1 /INPUT 3 "op"
    .port_info 2 /OUTPUT 32 "result"
L_0x7f1dfb90f018 .functor BUFT 1, C4<00000000000000000000000000000001>, C4<0>, C4<0>, C4<0>;
L_0x55a4c82349a0 .functor AND 32, L_0x55a4c8234720, L_0x7f1dfb90f018, C4<11111111111111111111111111111111>, C4<11111111111111111111111111111111>;
L_0x55a4c8234e70 .functor OR 32, L_0x55a4c8234720, L_0x7f1dfb90f018, C4<00000000000000000000000000000000>, C4<00000000000000000000000000000000>;
L_0x55a4c8235030 .functor NOT 32, L_0x55a4c8234720, C4<00000000000000000000000000000000>, C4<00000000000000000000000000000000>, C4<00000000000000000000000000000000>;
v0x55a4c82024f0_0 .net "Sign_extend", 31 0, L_0x55a4c8234720;  1 drivers
v0x55a4c8221760_0 .net *"_s10", 31 0, L_0x55a4c8234900;  1 drivers
L_0x7f1dfb90f0f0 .functor BUFT 1, C4<001>, C4<0>, C4<0>, C4<0>;
v0x55a4c8221840_0 .net/2u *"_s12", 2 0, L_0x7f1dfb90f0f0;  1 drivers
v0x55a4c8221900_0 .net *"_s14", 0 0, L_0x55a4c8234ab0;  1 drivers
v0x55a4c82219c0_0 .net *"_s16", 31 0, L_0x55a4c8234b80;  1 drivers
L_0x7f1dfb90f138 .functor BUFT 1, C4<010>, C4<0>, C4<0>, C4<0>;
v0x55a4c8221af0_0 .net/2u *"_s18", 2 0, L_0x7f1dfb90f138;  1 drivers
L_0x7f1dfb90f060 .functor BUFT 1, C4<000000000000000000000000>, C4<0>, C4<0>, C4<0>;
v0x55a4c8221bd0_0 .net/2u *"_s2", 23 0, L_0x7f1dfb90f060;  1 drivers
v0x55a4c8221cb0_0 .net *"_s20", 0 0, L_0x55a4c8234c70;  1 drivers
v0x55a4c8221d70_0 .net *"_s22", 31 0, L_0x55a4c82349a0;  1 drivers
L_0x7f1dfb90f180 .functor BUFT 1, C4<011>, C4<0>, C4<0>, C4<0>;
v0x55a4c8221e50_0 .net/2u *"_s24", 2 0, L_0x7f1dfb90f180;  1 drivers
v0x55a4c8221f30_0 .net *"_s26", 0 0, L_0x55a4c8234da0;  1 drivers
v0x55a4c8221ff0_0 .net *"_s28", 31 0, L_0x55a4c8234e70;  1 drivers
L_0x7f1dfb90f1c8 .functor BUFT 1, C4<100>, C4<0>, C4<0>, C4<0>;
v0x55a4c82220d0_0 .net/2u *"_s30", 2 0, L_0x7f1dfb90f1c8;  1 drivers
v0x55a4c82221b0_0 .net *"_s32", 0 0, L_0x55a4c8234f10;  1 drivers
v0x55a4c8222270_0 .net *"_s34", 31 0, L_0x55a4c8235030;  1 drivers
L_0x7f1dfb90f210 .functor BUFT 1, C4<00000000000000000000000000000000>, C4<0>, C4<0>, C4<0>;
v0x55a4c8222350_0 .net/2u *"_s36", 31 0, L_0x7f1dfb90f210;  1 drivers
v0x55a4c8222430_0 .net *"_s38", 31 0, L_0x55a4c82350d0;  1 drivers
v0x55a4c8222510_0 .net *"_s40", 31 0, L_0x55a4c8235290;  1 drivers
v0x55a4c82225f0_0 .net *"_s42", 31 0, L_0x55a4c8235430;  1 drivers
v0x55a4c82226d0_0 .net *"_s44", 31 0, L_0x55a4c82355c0;  1 drivers
L_0x7f1dfb90f0a8 .functor BUFT 1, C4<000>, C4<0>, C4<0>, C4<0>;
v0x55a4c82227b0_0 .net/2u *"_s6", 2 0, L_0x7f1dfb90f0a8;  1 drivers
v0x55a4c8222890_0 .net *"_s8", 0 0, L_0x55a4c8234810;  1 drivers
v0x55a4c8222950_0 .net "num1", 7 0, v0x55a4c8224330_0;  alias, 1 drivers
v0x55a4c8222a30_0 .net "num2", 31 0, L_0x7f1dfb90f018;  1 drivers
v0x55a4c8222b10_0 .net "op", 2 0, v0x55a4c8224420_0;  alias, 1 drivers
v0x55a4c8222bf0_0 .net "result", 31 0, L_0x55a4c82357c0;  alias, 1 drivers
L_0x55a4c8234720 .concat [ 8 24 0 0], v0x55a4c8224330_0, L_0x7f1dfb90f060;
L_0x55a4c8234810 .cmp/eq 3, v0x55a4c8224420_0, L_0x7f1dfb90f0a8;
L_0x55a4c8234900 .arith/sum 32, L_0x55a4c8234720, L_0x7f1dfb90f018;
L_0x55a4c8234ab0 .cmp/eq 3, v0x55a4c8224420_0, L_0x7f1dfb90f0f0;
L_0x55a4c8234b80 .arith/sub 32, L_0x55a4c8234720, L_0x7f1dfb90f018;
L_0x55a4c8234c70 .cmp/eq 3, v0x55a4c8224420_0, L_0x7f1dfb90f138;
L_0x55a4c8234da0 .cmp/eq 3, v0x55a4c8224420_0, L_0x7f1dfb90f180;
L_0x55a4c8234f10 .cmp/eq 3, v0x55a4c8224420_0, L_0x7f1dfb90f1c8;
L_0x55a4c82350d0 .functor MUXZ 32, L_0x7f1dfb90f210, L_0x55a4c8235030, L_0x55a4c8234f10, C4<>;
L_0x55a4c8235290 .functor MUXZ 32, L_0x55a4c82350d0, L_0x55a4c8234e70, L_0x55a4c8234da0, C4<>;
L_0x55a4c8235430 .functor MUXZ 32, L_0x55a4c8235290, L_0x55a4c82349a0, L_0x55a4c8234c70, C4<>;
L_0x55a4c82355c0 .functor MUXZ 32, L_0x55a4c8235430, L_0x55a4c8234b80, L_0x55a4c8234ab0, C4<>;
L_0x55a4c82357c0 .functor MUXZ 32, L_0x55a4c82355c0, L_0x55a4c8234900, L_0x55a4c8234810, C4<>;
S_0x55a4c8222d50 .scope module, "U2" "display" 3 34, 5 22 0, S_0x55a4c81fb940;
 .timescale -9 -12;
    .port_info 0 /INPUT 1 "clk"
    .port_info 1 /INPUT 1 "reset"
    .port_info 2 /INPUT 32 "s"
    .port_info 3 /OUTPUT 7 "seg"
    .port_info 4 /OUTPUT 8 "ans"
v0x55a4c8223420_0 .var "ans", 7 0;
v0x55a4c8223500_0 .net "clk", 0 0, v0x55a4c8224220_0;  alias, 1 drivers
v0x55a4c82235c0_0 .var "count", 20 0;
v0x55a4c8223680_0 .var "digit", 4 0;
v0x55a4c8223760_0 .net "reset", 0 0, v0x55a4c8224510_0;  alias, 1 drivers
v0x55a4c8223870_0 .net "s", 31 0, L_0x55a4c82357c0;  alias, 1 drivers
v0x55a4c8223930_0 .net "seg", 6 0, v0x55a4c82232e0_0;  alias, 1 drivers
E_0x55a4c81f97f0 .event posedge, v0x55a4c8223500_0;
E_0x55a4c81f9170 .event posedge, v0x55a4c8223760_0, v0x55a4c8223500_0;
L_0x55a4c8235950 .part v0x55a4c8223680_0, 0, 4;
S_0x55a4c8222f90 .scope module, "U4" "seg7" 5 79, 6 4 0, S_0x55a4c8222d50;
 .timescale -9 -12;
    .port_info 0 /INPUT 4 "din"
    .port_info 1 /OUTPUT 7 "dout"
v0x55a4c82231e0_0 .net "din", 3 0, L_0x55a4c8235950;  1 drivers
v0x55a4c82232e0_0 .var "dout", 6 0;
E_0x55a4c81ef880 .event edge, v0x55a4c82231e0_0;
    .scope S_0x55a4c8222f90;
T_0 ;
    %wait E_0x55a4c81ef880;
    %load/vec4 v0x55a4c82231e0_0;
    %dup/vec4;
    %pushi/vec4 0, 0, 4;
    %cmp/u;
    %jmp/1 T_0.0, 6;
    %dup/vec4;
    %pushi/vec4 1, 0, 4;
    %cmp/u;
    %jmp/1 T_0.1, 6;
    %dup/vec4;
    %pushi/vec4 2, 0, 4;
    %cmp/u;
    %jmp/1 T_0.2, 6;
    %dup/vec4;
    %pushi/vec4 3, 0, 4;
    %cmp/u;
    %jmp/1 T_0.3, 6;
    %dup/vec4;
    %pushi/vec4 4, 0, 4;
    %cmp/u;
    %jmp/1 T_0.4, 6;
    %dup/vec4;
    %pushi/vec4 5, 0, 4;
    %cmp/u;
    %jmp/1 T_0.5, 6;
    %dup/vec4;
    %pushi/vec4 6, 0, 4;
    %cmp/u;
    %jmp/1 T_0.6, 6;
    %dup/vec4;
    %pushi/vec4 7, 0, 4;
    %cmp/u;
    %jmp/1 T_0.7, 6;
    %dup/vec4;
    %pushi/vec4 8, 0, 4;
    %cmp/u;
    %jmp/1 T_0.8, 6;
    %dup/vec4;
    %pushi/vec4 9, 0, 4;
    %cmp/u;
    %jmp/1 T_0.9, 6;
    %dup/vec4;
    %pushi/vec4 10, 0, 4;
    %cmp/u;
    %jmp/1 T_0.10, 6;
    %dup/vec4;
    %pushi/vec4 11, 0, 4;
    %cmp/u;
    %jmp/1 T_0.11, 6;
    %dup/vec4;
    %pushi/vec4 12, 0, 4;
    %cmp/u;
    %jmp/1 T_0.12, 6;
    %dup/vec4;
    %pushi/vec4 13, 0, 4;
    %cmp/u;
    %jmp/1 T_0.13, 6;
    %dup/vec4;
    %pushi/vec4 14, 0, 4;
    %cmp/u;
    %jmp/1 T_0.14, 6;
    %dup/vec4;
    %pushi/vec4 15, 0, 4;
    %cmp/u;
    %jmp/1 T_0.15, 6;
    %pushi/vec4 127, 0, 7;
    %store/vec4 v0x55a4c82232e0_0, 0, 7;
    %jmp T_0.17;
T_0.0 ;
    %pushi/vec4 1, 0, 7;
    %store/vec4 v0x55a4c82232e0_0, 0, 7;
    %jmp T_0.17;
T_0.1 ;
    %pushi/vec4 79, 0, 7;
    %store/vec4 v0x55a4c82232e0_0, 0, 7;
    %jmp T_0.17;
T_0.2 ;
    %pushi/vec4 18, 0, 7;
    %store/vec4 v0x55a4c82232e0_0, 0, 7;
    %jmp T_0.17;
T_0.3 ;
    %pushi/vec4 6, 0, 7;
    %store/vec4 v0x55a4c82232e0_0, 0, 7;
    %jmp T_0.17;
T_0.4 ;
    %pushi/vec4 76, 0, 7;
    %store/vec4 v0x55a4c82232e0_0, 0, 7;
    %jmp T_0.17;
T_0.5 ;
    %pushi/vec4 36, 0, 7;
    %store/vec4 v0x55a4c82232e0_0, 0, 7;
    %jmp T_0.17;
T_0.6 ;
    %pushi/vec4 32, 0, 7;
    %store/vec4 v0x55a4c82232e0_0, 0, 7;
    %jmp T_0.17;
T_0.7 ;
    %pushi/vec4 15, 0, 7;
    %store/vec4 v0x55a4c82232e0_0, 0, 7;
    %jmp T_0.17;
T_0.8 ;
    %pushi/vec4 0, 0, 7;
    %store/vec4 v0x55a4c82232e0_0, 0, 7;
    %jmp T_0.17;
T_0.9 ;
    %pushi/vec4 4, 0, 7;
    %store/vec4 v0x55a4c82232e0_0, 0, 7;
    %jmp T_0.17;
T_0.10 ;
    %pushi/vec4 8, 0, 7;
    %store/vec4 v0x55a4c82232e0_0, 0, 7;
    %jmp T_0.17;
T_0.11 ;
    %pushi/vec4 96, 0, 7;
    %store/vec4 v0x55a4c82232e0_0, 0, 7;
    %jmp T_0.17;
T_0.12 ;
    %pushi/vec4 49, 0, 7;
    %store/vec4 v0x55a4c82232e0_0, 0, 7;
    %jmp T_0.17;
T_0.13 ;
    %pushi/vec4 66, 0, 7;
    %store/vec4 v0x55a4c82232e0_0, 0, 7;
    %jmp T_0.17;
T_0.14 ;
    %pushi/vec4 48, 0, 7;
    %store/vec4 v0x55a4c82232e0_0, 0, 7;
    %jmp T_0.17;
T_0.15 ;
    %pushi/vec4 56, 0, 7;
    %store/vec4 v0x55a4c82232e0_0, 0, 7;
    %jmp T_0.17;
T_0.17 ;
    %pop/vec4 1;
    %jmp T_0;
    .thread T_0, $push;
    .scope S_0x55a4c8222d50;
T_1 ;
    %wait E_0x55a4c81f9170;
    %load/vec4 v0x55a4c8223760_0;
    %flag_set/vec4 8;
    %jmp/0xz  T_1.0, 8;
    %pushi/vec4 0, 0, 21;
    %store/vec4 v0x55a4c82235c0_0, 0, 21;
    %jmp T_1.1;
T_1.0 ;
    %load/vec4 v0x55a4c82235c0_0;
    %addi 1, 0, 21;
    %store/vec4 v0x55a4c82235c0_0, 0, 21;
T_1.1 ;
    %jmp T_1;
    .thread T_1;
    .scope S_0x55a4c8222d50;
T_2 ;
    %wait E_0x55a4c81f97f0;
    %load/vec4 v0x55a4c82235c0_0;
    %parti/s 3, 18, 6;
    %dup/vec4;
    %pushi/vec4 0, 0, 3;
    %cmp/u;
    %jmp/1 T_2.0, 6;
    %dup/vec4;
    %pushi/vec4 1, 0, 3;
    %cmp/u;
    %jmp/1 T_2.1, 6;
    %dup/vec4;
    %pushi/vec4 2, 0, 3;
    %cmp/u;
    %jmp/1 T_2.2, 6;
    %dup/vec4;
    %pushi/vec4 3, 0, 3;
    %cmp/u;
    %jmp/1 T_2.3, 6;
    %dup/vec4;
    %pushi/vec4 4, 0, 3;
    %cmp/u;
    %jmp/1 T_2.4, 6;
    %dup/vec4;
    %pushi/vec4 5, 0, 3;
    %cmp/u;
    %jmp/1 T_2.5, 6;
    %dup/vec4;
    %pushi/vec4 6, 0, 3;
    %cmp/u;
    %jmp/1 T_2.6, 6;
    %dup/vec4;
    %pushi/vec4 7, 0, 3;
    %cmp/u;
    %jmp/1 T_2.7, 6;
    %jmp T_2.8;
T_2.0 ;
    %pushi/vec4 254, 0, 8;
    %store/vec4 v0x55a4c8223420_0, 0, 8;
    %load/vec4 v0x55a4c8223870_0;
    %parti/s 4, 0, 2;
    %pad/u 5;
    %store/vec4 v0x55a4c8223680_0, 0, 5;
    %jmp T_2.8;
T_2.1 ;
    %pushi/vec4 253, 0, 8;
    %store/vec4 v0x55a4c8223420_0, 0, 8;
    %load/vec4 v0x55a4c8223870_0;
    %parti/s 4, 4, 4;
    %pad/u 5;
    %store/vec4 v0x55a4c8223680_0, 0, 5;
    %jmp T_2.8;
T_2.2 ;
    %pushi/vec4 251, 0, 8;
    %store/vec4 v0x55a4c8223420_0, 0, 8;
    %load/vec4 v0x55a4c8223870_0;
    %parti/s 4, 8, 5;
    %pad/u 5;
    %store/vec4 v0x55a4c8223680_0, 0, 5;
    %jmp T_2.8;
T_2.3 ;
    %pushi/vec4 247, 0, 8;
    %store/vec4 v0x55a4c8223420_0, 0, 8;
    %load/vec4 v0x55a4c8223870_0;
    %parti/s 4, 12, 5;
    %pad/u 5;
    %store/vec4 v0x55a4c8223680_0, 0, 5;
    %jmp T_2.8;
T_2.4 ;
    %pushi/vec4 239, 0, 8;
    %store/vec4 v0x55a4c8223420_0, 0, 8;
    %load/vec4 v0x55a4c8223870_0;
    %parti/s 4, 16, 6;
    %pad/u 5;
    %store/vec4 v0x55a4c8223680_0, 0, 5;
    %jmp T_2.8;
T_2.5 ;
    %pushi/vec4 223, 0, 8;
    %store/vec4 v0x55a4c8223420_0, 0, 8;
    %load/vec4 v0x55a4c8223870_0;
    %parti/s 4, 20, 6;
    %pad/u 5;
    %store/vec4 v0x55a4c8223680_0, 0, 5;
    %jmp T_2.8;
T_2.6 ;
    %pushi/vec4 191, 0, 8;
    %store/vec4 v0x55a4c8223420_0, 0, 8;
    %load/vec4 v0x55a4c8223870_0;
    %parti/s 4, 24, 6;
    %pad/u 5;
    %store/vec4 v0x55a4c8223680_0, 0, 5;
    %jmp T_2.8;
T_2.7 ;
    %pushi/vec4 127, 0, 8;
    %store/vec4 v0x55a4c8223420_0, 0, 8;
    %load/vec4 v0x55a4c8223870_0;
    %parti/s 4, 28, 6;
    %pad/u 5;
    %store/vec4 v0x55a4c8223680_0, 0, 5;
    %jmp T_2.8;
T_2.8 ;
    %pop/vec4 1;
    %jmp T_2;
    .thread T_2;
    .scope S_0x55a4c81fb7c0;
T_3 ;
    %vpi_call 2 14 "$dumpfile", "wave.vcd" {0 0 0};
    %vpi_call 2 15 "$dumpvars" {0 0 0};
    %vpi_call 2 16 "$monitor", "simutime = %g , ans = %d", $time, v0x55a4c82240f0_0 {0 0 0};
    %end;
    .thread T_3;
    .scope S_0x55a4c81fb7c0;
T_4 ;
    %pushi/vec4 0, 0, 1;
    %store/vec4 v0x55a4c8224220_0, 0, 1;
    %pushi/vec4 1, 0, 1;
    %store/vec4 v0x55a4c8224510_0, 0, 1;
    %pushi/vec4 2, 0, 8;
    %store/vec4 v0x55a4c8224330_0, 0, 8;
    %pushi/vec4 1, 0, 3;
    %store/vec4 v0x55a4c8224420_0, 0, 3;
    %delay 1, 0;
    %pushi/vec4 0, 0, 1;
    %store/vec4 v0x55a4c8224510_0, 0, 1;
    %delay 100, 0;
    %vpi_call 2 24 "$finish" {0 0 0};
    %end;
    .thread T_4;
    .scope S_0x55a4c81fb7c0;
T_5 ;
    %delay 5, 0;
    %load/vec4 v0x55a4c8224220_0;
    %inv;
    %store/vec4 v0x55a4c8224220_0, 0, 1;
    %jmp T_5;
    .thread T_5;
# The file index is used to find the file name in the following table.
:file_names 7;
    "N/A";
    "<interactive>";
    "tb.v";
    "top.v";
    "calculate.v";
    "display.v";
    "seg7.v";
