#! /usr/bin/vvp
:ivl_version "10.3 (stable)";
:ivl_delay_selection "TYPICAL";
:vpi_time_precision - 12;
:vpi_module "system";
:vpi_module "vhdl_sys";
:vpi_module "v2005_math";
:vpi_module "va_math";
S_0x561df460af40 .scope module, "tb" "tb" 2 2;
 .timescale -9 -12;
v0x561df461cb30_0 .net "ans", 7 0, L_0x561df461cf30;  1 drivers
v0x561df461cbf0_0 .var "clk", 0 0;
S_0x561df460b0c0 .scope module, "test" "Rom" 2 7, 3 13 0, S_0x561df460af40;
 .timescale -9 -12;
    .port_info 0 /INPUT 1 "clk"
    .port_info 1 /OUTPUT 8 "ans"
L_0x561df461cf30 .functor BUFZ 8, L_0x561df461ccc0, C4<00000000>, C4<00000000>, C4<00000000>;
v0x561df460b290 .array "InsData", 0 16, 7 0;
v0x561df45e9280_0 .net *"_s0", 7 0, L_0x561df461ccc0;  1 drivers
v0x561df461c660_0 .net *"_s2", 5 0, L_0x561df461cdc0;  1 drivers
L_0x7f2507da6018 .functor BUFT 1, C4<0>, C4<0>, C4<0>, C4<0>;
v0x561df461c720_0 .net *"_s5", 0 0, L_0x7f2507da6018;  1 drivers
v0x561df461c800_0 .net "ans", 7 0, L_0x561df461cf30;  alias, 1 drivers
v0x561df461c930_0 .net "clk", 0 0, v0x561df461cbf0_0;  1 drivers
v0x561df461c9f0_0 .var "cnt", 4 0;
E_0x561df45d4670 .event posedge, v0x561df461c930_0;
L_0x561df461ccc0 .array/port v0x561df460b290, L_0x561df461cdc0;
L_0x561df461cdc0 .concat [ 5 1 0 0], v0x561df461c9f0_0, L_0x7f2507da6018;
    .scope S_0x561df460b0c0;
T_0 ;
    %pushi/vec4 0, 0, 5;
    %store/vec4 v0x561df461c9f0_0, 0, 5;
    %end;
    .thread T_0;
    .scope S_0x561df460b0c0;
T_1 ;
    %vpi_call 3 21 "$readmemb", "data.txt", v0x561df460b290 {0 0 0};
    %end;
    .thread T_1;
    .scope S_0x561df460b0c0;
T_2 ;
    %wait E_0x561df45d4670;
    %load/vec4 v0x561df461c9f0_0;
    %addi 1, 0, 5;
    %assign/vec4 v0x561df461c9f0_0, 0;
    %jmp T_2;
    .thread T_2;
    .scope S_0x561df460af40;
T_3 ;
    %delay 10000, 0;
    %load/vec4 v0x561df461cbf0_0;
    %inv;
    %store/vec4 v0x561df461cbf0_0, 0, 1;
    %jmp T_3;
    .thread T_3;
    .scope S_0x561df460af40;
T_4 ;
    %pushi/vec4 0, 0, 1;
    %store/vec4 v0x561df461cbf0_0, 0, 1;
    %vpi_call 2 15 "$dumpfile", "wave.vcd" {0 0 0};
    %vpi_call 2 16 "$dumpvars" {0 0 0};
    %vpi_call 2 17 "$monitor", "time = %g , ans = %h", $time, v0x561df461cb30_0 {0 0 0};
    %delay 200000, 0;
    %vpi_call 2 18 "$finish" {0 0 0};
    %end;
    .thread T_4;
# The file index is used to find the file name in the following table.
:file_names 4;
    "N/A";
    "<interactive>";
    "tb.v";
    "Rom.v";
