#! /usr/bin/vvp
:ivl_version "10.3 (stable)";
:ivl_delay_selection "TYPICAL";
:vpi_time_precision + 0;
:vpi_module "system";
:vpi_module "vhdl_sys";
:vpi_module "v2005_math";
:vpi_module "va_math";
S_0x556a894e3130 .scope module, "adder_8bits" "adder_8bits" 2 1;
 .timescale 0 0;
    .port_info 0 /INPUT 8 "a"
    .port_info 1 /INPUT 8 "b"
    .port_info 2 /OUTPUT 9 "c"
L_0x7fd75ef98018 .functor BUFT 1, C4<0>, C4<0>, C4<0>, C4<0>;
v0x556a894e3300_0 .net/2u *"_s0", 0 0, L_0x7fd75ef98018;  1 drivers
v0x556a89526430_0 .net *"_s2", 8 0, L_0x556a89526a20;  1 drivers
L_0x7fd75ef98060 .functor BUFT 1, C4<0>, C4<0>, C4<0>, C4<0>;
v0x556a89526510_0 .net/2u *"_s4", 0 0, L_0x7fd75ef98060;  1 drivers
v0x556a895265d0_0 .net *"_s6", 8 0, L_0x556a89526b70;  1 drivers
o0x7fd75efe10d8 .functor BUFZ 8, C4<zzzzzzzz>; HiZ drive
v0x556a895266b0_0 .net "a", 7 0, o0x7fd75efe10d8;  0 drivers
o0x7fd75efe1108 .functor BUFZ 8, C4<zzzzzzzz>; HiZ drive
v0x556a895267e0_0 .net "b", 7 0, o0x7fd75efe1108;  0 drivers
v0x556a895268c0_0 .net "c", 8 0, L_0x556a89526cc0;  1 drivers
L_0x556a89526a20 .concat [ 8 1 0 0], o0x7fd75efe10d8, L_0x7fd75ef98018;
L_0x556a89526b70 .concat [ 8 1 0 0], o0x7fd75efe1108, L_0x7fd75ef98060;
L_0x556a89526cc0 .arith/sum 9, L_0x556a89526a20, L_0x556a89526b70;
# The file index is used to find the file name in the following table.
:file_names 3;
    "N/A";
    "<interactive>";
    "adder.v";
